<?xml version="1.0" encoding="UTF-8"?>
<!-- Generated by org.testng.reporters.JUnitXMLReporter -->
<testsuite hostname="DESKTOP-9QD5AQ2" ignored="1" name="Test1" tests="3" failures="0" timestamp="04 Dec 2021 05:43:25 GMT" time="33.998" errors="0">
  <testcase name="m" time="0.013" classname="testPackage.TestClass3"/>
  <testcase name="m" time="0.013" classname="testPackage.TestClass2"/>
  <testcase name="m1" time="33.934" classname="testPackage.TestClass3"/>
  <testcase name="m1" time="0.0" classname="testPackage.TestClass2">
    <ignored/>
  </testcase> <!-- m1 -->
</testsuite> <!-- Test1 -->
