<?xml version="1.0" encoding="UTF-8"?>
<!-- Generated by org.testng.reporters.JUnitReportReporter -->
<testsuite skipped="0" hostname="DESKTOP-9QD5AQ2" name="testPackage.Test4" tests="3" failures="0" timestamp="11 Dec 2021 05:14:44 GMT" time="5.035" errors="0">
  <testcase name="mtest3" time="0.164" classname="testPackage.Test4"/>
  <testcase name="mtest1" time="1.618" classname="testPackage.Test4"/>
  <testcase name="mtest2" time="3.253" classname="testPackage.Test4"/>
</testsuite> <!-- testPackage.Test4 -->
