<?xml version="1.0" encoding="UTF-8"?>
<!-- Generated by org.testng.reporters.JUnitXMLReporter -->
<testsuite hostname="DESKTOP-9QD5AQ2" ignored="0" name="Test" tests="6" failures="0" timestamp="04 Dec 2021 04:07:18 GMT" time="25.285" errors="0">
  <testcase name="m" time="0.008" classname="testPackage.TestClass2"/>
  <testcase name="m" time="0.008" classname="testPackage.TestClass1"/>
  <testcase name="m" time="0.008" classname="testPackage.TestClass3"/>
  <testcase name="m1" time="19.994" classname="testPackage.TestClass3"/>
  <testcase name="m1" time="21.74" classname="testPackage.TestClass1"/>
  <testcase name="m1" time="25.252" classname="testPackage.TestClass2"/>
</testsuite> <!-- Test -->
