<?xml version="1.0" encoding="UTF-8"?>
<testng-results skipped="0" failed="0" ignored="0" total="3" passed="3">
  <reporter-output>
  </reporter-output>
  <suite name="Default suite" duration-ms="11074" started-at="2021-12-11T05:14:33Z" finished-at="2021-12-11T05:14:44Z">
    <groups>
    </groups>
    <test name="Default test" duration-ms="11074" started-at="2021-12-11T05:14:33Z" finished-at="2021-12-11T05:14:44Z">
      <class name="testPackage.Test4">
        <test-method status="PASS" signature="mBtest()[pri:0, instance:testPackage.Test4@45b9a632]" name="mBtest" is-config="true" duration-ms="6014" started-at="2021-12-11T05:14:33Z" finished-at="2021-12-11T05:14:39Z">
          <reporter-output>
          </reporter-output>
        </test-method> <!-- mBtest -->
        <test-method status="PASS" signature="mMtest()[pri:0, instance:testPackage.Test4@45b9a632]" name="mMtest" is-config="true" duration-ms="35" started-at="2021-12-11T05:14:39Z" finished-at="2021-12-11T05:14:39Z">
          <reporter-output>
          </reporter-output>
        </test-method> <!-- mMtest -->
        <test-method status="PASS" signature="mtest3()[pri:0, instance:testPackage.Test4@45b9a632]" name="mtest3" duration-ms="129" started-at="2021-12-11T05:14:39Z" finished-at="2021-12-11T05:14:39Z">
          <reporter-output>
          </reporter-output>
        </test-method> <!-- mtest3 -->
        <test-method status="PASS" signature="mMtest()[pri:0, instance:testPackage.Test4@45b9a632]" name="mMtest" is-config="true" duration-ms="14" started-at="2021-12-11T05:14:39Z" finished-at="2021-12-11T05:14:39Z">
          <reporter-output>
          </reporter-output>
        </test-method> <!-- mMtest -->
        <test-method status="PASS" signature="mtest1()[pri:0, instance:testPackage.Test4@45b9a632]" name="mtest1" duration-ms="1604" started-at="2021-12-11T05:14:39Z" depends-on-methods="testPackage.Test4.mtest3" finished-at="2021-12-11T05:14:41Z">
          <reporter-output>
          </reporter-output>
        </test-method> <!-- mtest1 -->
        <test-method status="PASS" signature="mMtest()[pri:0, instance:testPackage.Test4@45b9a632]" name="mMtest" is-config="true" duration-ms="14" started-at="2021-12-11T05:14:41Z" finished-at="2021-12-11T05:14:41Z">
          <reporter-output>
          </reporter-output>
        </test-method> <!-- mMtest -->
        <test-method status="PASS" signature="mtest2()[pri:0, instance:testPackage.Test4@45b9a632]" name="mtest2" duration-ms="3239" started-at="2021-12-11T05:14:41Z" depends-on-methods="testPackage.Test4.mtest3" finished-at="2021-12-11T05:14:44Z">
          <reporter-output>
          </reporter-output>
        </test-method> <!-- mtest2 -->
      </class> <!-- testPackage.Test4 -->
    </test> <!-- Default test -->
  </suite> <!-- Default suite -->
</testng-results>
