<?xml version="1.0" encoding="UTF-8"?>
<!-- Generated by org.testng.reporters.JUnitXMLReporter -->
<testsuite hostname="DESKTOP-9QD5AQ2" ignored="0" name="Default test" tests="3" failures="0" timestamp="11 Dec 2021 05:14:44 GMT" time="11.074" errors="0">
  <testcase name="mtest3" time="0.129" classname="testPackage.Test4"/>
  <testcase name="mtest1" time="1.604" classname="testPackage.Test4"/>
  <testcase name="mtest2" time="3.239" classname="testPackage.Test4"/>
</testsuite> <!-- Default test -->
